0 info it worked if it ends with ok
1 verbose cli [ 'C:\\Program Files\\nodejs\\node.exe',
1 verbose cli   'C:\\Program Files\\nodejs\\node_modules\\npm\\bin\\npm-cli.js',
1 verbose cli   'install',
1 verbose cli   'bcrypt',
1 verbose cli   '--save' ]
2 info using npm@3.8.6
3 info using node@v6.1.0
4 silly loadCurrentTree Starting
5 silly install loadCurrentTree
6 silly install readLocalPackageData
7 silly fetchPackageMetaData bcrypt@^0.8.7
8 silly fetchNamedPackageData bcrypt
9 silly mapToRegistry name bcrypt
10 silly mapToRegistry using default registry
11 silly mapToRegistry registry https://registry.npmjs.org/
12 silly mapToRegistry data Result {
12 silly mapToRegistry   raw: 'bcrypt',
12 silly mapToRegistry   scope: null,
12 silly mapToRegistry   name: 'bcrypt',
12 silly mapToRegistry   rawSpec: '',
12 silly mapToRegistry   spec: 'latest',
12 silly mapToRegistry   type: 'tag' }
13 silly mapToRegistry uri https://registry.npmjs.org/bcrypt
14 verbose request uri https://registry.npmjs.org/bcrypt
15 verbose request no auth needed
16 info attempt registry request try #1 at 2:41:11 PM
17 verbose request id 82a399d134d35c95
18 verbose etag "7RZPOANAEOCJKR9JQU6SAU1FT"
19 http request GET https://registry.npmjs.org/bcrypt
20 http 304 https://registry.npmjs.org/bcrypt
21 verbose headers { date: 'Fri, 17 Jun 2016 12:41:12 GMT',
21 verbose headers   via: '1.1 varnish',
21 verbose headers   'cache-control': 'max-age=300',
21 verbose headers   etag: '"7RZPOANAEOCJKR9JQU6SAU1FT"',
21 verbose headers   age: '214',
21 verbose headers   connection: 'keep-alive',
21 verbose headers   'x-served-by': 'cache-ams4126-AMS',
21 verbose headers   'x-cache': 'HIT',
21 verbose headers   'x-cache-hits': '1',
21 verbose headers   'x-timer': 'S1466167272.128119,VS0,VE0',
21 verbose headers   vary: 'Accept-Encoding' }
22 silly get cb [ 304,
22 silly get   { date: 'Fri, 17 Jun 2016 12:41:12 GMT',
22 silly get     via: '1.1 varnish',
22 silly get     'cache-control': 'max-age=300',
22 silly get     etag: '"7RZPOANAEOCJKR9JQU6SAU1FT"',
22 silly get     age: '214',
22 silly get     connection: 'keep-alive',
22 silly get     'x-served-by': 'cache-ams4126-AMS',
22 silly get     'x-cache': 'HIT',
22 silly get     'x-cache-hits': '1',
22 silly get     'x-timer': 'S1466167272.128119,VS0,VE0',
22 silly get     vary: 'Accept-Encoding' } ]
23 verbose etag https://registry.npmjs.org/bcrypt from cache
24 verbose get saving bcrypt to C:\Users\Sharon\AppData\Roaming\npm-cache\registry.npmjs.org\bcrypt\.cache.json
25 verbose correctMkdir C:\Users\Sharon\AppData\Roaming\npm-cache correctMkdir not in flight; initializing
26 silly install normalizeTree
27 silly loadCurrentTree Finishing
28 silly loadIdealTree Starting
29 silly install loadIdealTree
30 silly cloneCurrentTree Starting
31 silly install cloneCurrentTreeToIdealTree
32 silly cloneCurrentTree Finishing
33 silly loadShrinkwrap Starting
34 silly install loadShrinkwrap
35 silly loadShrinkwrap Finishing
36 silly loadAllDepsIntoIdealTree Starting
37 silly install loadAllDepsIntoIdealTree
38 silly resolveWithNewModule bcrypt@0.8.7 checking installable status
39 silly cache add args [ 'bcrypt@^0.8.7', null ]
40 verbose cache add spec bcrypt@^0.8.7
41 silly cache add parsed spec Result {
41 silly cache add   raw: 'bcrypt@^0.8.7',
41 silly cache add   scope: null,
41 silly cache add   name: 'bcrypt',
41 silly cache add   rawSpec: '^0.8.7',
41 silly cache add   spec: '>=0.8.7 <0.9.0',
41 silly cache add   type: 'range' }
42 silly addNamed bcrypt@>=0.8.7 <0.9.0
43 verbose addNamed ">=0.8.7 <0.9.0" is a valid semver range for bcrypt
44 silly addNameRange { name: 'bcrypt', range: '>=0.8.7 <0.9.0', hasData: false }
45 silly mapToRegistry name bcrypt
46 silly mapToRegistry using default registry
47 silly mapToRegistry registry https://registry.npmjs.org/
48 silly mapToRegistry data Result {
48 silly mapToRegistry   raw: 'bcrypt',
48 silly mapToRegistry   scope: null,
48 silly mapToRegistry   name: 'bcrypt',
48 silly mapToRegistry   rawSpec: '',
48 silly mapToRegistry   spec: 'latest',
48 silly mapToRegistry   type: 'tag' }
49 silly mapToRegistry uri https://registry.npmjs.org/bcrypt
50 verbose addNameRange registry:https://registry.npmjs.org/bcrypt not in flight; fetching
51 verbose get https://registry.npmjs.org/bcrypt not expired, no request
52 silly addNameRange number 2 { name: 'bcrypt', range: '>=0.8.7 <0.9.0', hasData: true }
53 silly addNameRange versions [ 'bcrypt',
53 silly addNameRange   [ '0.1.2',
53 silly addNameRange     '0.2.0',
53 silly addNameRange     '0.2.1',
53 silly addNameRange     '0.1.3',
53 silly addNameRange     '0.2.2',
53 silly addNameRange     '0.2.3',
53 silly addNameRange     '0.2.4',
53 silly addNameRange     '0.3.0',
53 silly addNameRange     '0.3.1',
53 silly addNameRange     '0.3.2',
53 silly addNameRange     '0.4.0',
53 silly addNameRange     '0.4.1',
53 silly addNameRange     '0.5.0',
53 silly addNameRange     '0.6.0',
53 silly addNameRange     '0.7.0',
53 silly addNameRange     '0.7.1',
53 silly addNameRange     '0.7.2',
53 silly addNameRange     '0.7.3',
53 silly addNameRange     '0.7.4',
53 silly addNameRange     '0.7.5',
53 silly addNameRange     '0.7.6',
53 silly addNameRange     '0.7.7',
53 silly addNameRange     '0.7.8',
53 silly addNameRange     '0.8.0',
53 silly addNameRange     '0.8.1',
53 silly addNameRange     '0.8.2',
53 silly addNameRange     '0.8.3',
53 silly addNameRange     '0.8.4',
53 silly addNameRange     '0.8.5',
53 silly addNameRange     '0.8.6',
53 silly addNameRange     '0.8.7' ] ]
54 silly addNamed bcrypt@0.8.7
55 verbose addNamed "0.8.7" is a plain semver version for bcrypt
56 silly cache afterAdd bcrypt@0.8.7
57 verbose afterAdd C:\Users\Sharon\AppData\Roaming\npm-cache\bcrypt\0.8.7\package\package.json not in flight; writing
58 verbose correctMkdir C:\Users\Sharon\AppData\Roaming\npm-cache correctMkdir not in flight; initializing
59 verbose afterAdd C:\Users\Sharon\AppData\Roaming\npm-cache\bcrypt\0.8.7\package\package.json written
60 silly fetchNamedPackageData bindings
61 silly mapToRegistry name bindings
62 silly mapToRegistry using default registry
63 silly mapToRegistry registry https://registry.npmjs.org/
64 silly mapToRegistry data Result {
64 silly mapToRegistry   raw: 'bindings',
64 silly mapToRegistry   scope: null,
64 silly mapToRegistry   name: 'bindings',
64 silly mapToRegistry   rawSpec: '',
64 silly mapToRegistry   spec: 'latest',
64 silly mapToRegistry   type: 'tag' }
65 silly mapToRegistry uri https://registry.npmjs.org/bindings
66 silly fetchNamedPackageData nan
67 silly mapToRegistry name nan
68 silly mapToRegistry using default registry
69 silly mapToRegistry registry https://registry.npmjs.org/
70 silly mapToRegistry data Result {
70 silly mapToRegistry   raw: 'nan',
70 silly mapToRegistry   scope: null,
70 silly mapToRegistry   name: 'nan',
70 silly mapToRegistry   rawSpec: '',
70 silly mapToRegistry   spec: 'latest',
70 silly mapToRegistry   type: 'tag' }
71 silly mapToRegistry uri https://registry.npmjs.org/nan
72 verbose request uri https://registry.npmjs.org/bindings
73 verbose request no auth needed
74 info attempt registry request try #1 at 2:41:11 PM
75 verbose etag "33TX4J3DNTGF7K41ZUV6OA182"
76 http request GET https://registry.npmjs.org/bindings
77 verbose request uri https://registry.npmjs.org/nan
78 verbose request no auth needed
79 info attempt registry request try #1 at 2:41:11 PM
80 verbose etag "12RFHNMU7CS3WJ1892HQLM0NB"
81 http request GET https://registry.npmjs.org/nan
82 http 304 https://registry.npmjs.org/bindings
83 verbose headers { date: 'Fri, 17 Jun 2016 12:41:12 GMT',
83 verbose headers   via: '1.1 varnish',
83 verbose headers   'cache-control': 'max-age=300',
83 verbose headers   etag: '"33TX4J3DNTGF7K41ZUV6OA182"',
83 verbose headers   age: '9',
83 verbose headers   connection: 'keep-alive',
83 verbose headers   'x-served-by': 'cache-ams4126-AMS',
83 verbose headers   'x-cache': 'HIT',
83 verbose headers   'x-cache-hits': '1',
83 verbose headers   'x-timer': 'S1466167272.294409,VS0,VE0',
83 verbose headers   vary: 'Accept-Encoding' }
84 silly get cb [ 304,
84 silly get   { date: 'Fri, 17 Jun 2016 12:41:12 GMT',
84 silly get     via: '1.1 varnish',
84 silly get     'cache-control': 'max-age=300',
84 silly get     etag: '"33TX4J3DNTGF7K41ZUV6OA182"',
84 silly get     age: '9',
84 silly get     connection: 'keep-alive',
84 silly get     'x-served-by': 'cache-ams4126-AMS',
84 silly get     'x-cache': 'HIT',
84 silly get     'x-cache-hits': '1',
84 silly get     'x-timer': 'S1466167272.294409,VS0,VE0',
84 silly get     vary: 'Accept-Encoding' } ]
85 verbose etag https://registry.npmjs.org/bindings from cache
86 verbose get saving bindings to C:\Users\Sharon\AppData\Roaming\npm-cache\registry.npmjs.org\bindings\.cache.json
87 verbose correctMkdir C:\Users\Sharon\AppData\Roaming\npm-cache correctMkdir not in flight; initializing
88 silly resolveWithNewModule bindings@1.2.1 checking installable status
89 silly cache add args [ 'bindings@1.2.1', null ]
90 verbose cache add spec bindings@1.2.1
91 silly cache add parsed spec Result {
91 silly cache add   raw: 'bindings@1.2.1',
91 silly cache add   scope: null,
91 silly cache add   name: 'bindings',
91 silly cache add   rawSpec: '1.2.1',
91 silly cache add   spec: '1.2.1',
91 silly cache add   type: 'version' }
92 silly addNamed bindings@1.2.1
93 verbose addNamed "1.2.1" is a plain semver version for bindings
94 silly mapToRegistry name bindings
95 silly mapToRegistry using default registry
96 silly mapToRegistry registry https://registry.npmjs.org/
97 silly mapToRegistry data Result {
97 silly mapToRegistry   raw: 'bindings',
97 silly mapToRegistry   scope: null,
97 silly mapToRegistry   name: 'bindings',
97 silly mapToRegistry   rawSpec: '',
97 silly mapToRegistry   spec: 'latest',
97 silly mapToRegistry   type: 'tag' }
98 silly mapToRegistry uri https://registry.npmjs.org/bindings
99 verbose addNameVersion registry:https://registry.npmjs.org/bindings not in flight; fetching
100 verbose get https://registry.npmjs.org/bindings not expired, no request
101 silly cache afterAdd bindings@1.2.1
102 verbose afterAdd C:\Users\Sharon\AppData\Roaming\npm-cache\bindings\1.2.1\package\package.json not in flight; writing
103 verbose correctMkdir C:\Users\Sharon\AppData\Roaming\npm-cache correctMkdir not in flight; initializing
104 verbose afterAdd C:\Users\Sharon\AppData\Roaming\npm-cache\bindings\1.2.1\package\package.json written
105 http 304 https://registry.npmjs.org/nan
106 verbose headers { date: 'Fri, 17 Jun 2016 12:41:12 GMT',
106 verbose headers   via: '1.1 varnish',
106 verbose headers   'cache-control': 'max-age=300',
106 verbose headers   etag: '"12RFHNMU7CS3WJ1892HQLM0NB"',
106 verbose headers   age: '244',
106 verbose headers   connection: 'keep-alive',
106 verbose headers   'x-served-by': 'cache-ams4124-AMS',
106 verbose headers   'x-cache': 'HIT',
106 verbose headers   'x-cache-hits': '15',
106 verbose headers   'x-timer': 'S1466167272.313353,VS0,VE0',
106 verbose headers   vary: 'Accept-Encoding' }
107 silly get cb [ 304,
107 silly get   { date: 'Fri, 17 Jun 2016 12:41:12 GMT',
107 silly get     via: '1.1 varnish',
107 silly get     'cache-control': 'max-age=300',
107 silly get     etag: '"12RFHNMU7CS3WJ1892HQLM0NB"',
107 silly get     age: '244',
107 silly get     connection: 'keep-alive',
107 silly get     'x-served-by': 'cache-ams4124-AMS',
107 silly get     'x-cache': 'HIT',
107 silly get     'x-cache-hits': '15',
107 silly get     'x-timer': 'S1466167272.313353,VS0,VE0',
107 silly get     vary: 'Accept-Encoding' } ]
108 verbose etag https://registry.npmjs.org/nan from cache
109 verbose get saving nan to C:\Users\Sharon\AppData\Roaming\npm-cache\registry.npmjs.org\nan\.cache.json
110 verbose correctMkdir C:\Users\Sharon\AppData\Roaming\npm-cache correctMkdir not in flight; initializing
111 silly resolveWithNewModule nan@2.3.5 checking installable status
112 silly cache add args [ 'nan@2.3.5', null ]
113 verbose cache add spec nan@2.3.5
114 silly cache add parsed spec Result {
114 silly cache add   raw: 'nan@2.3.5',
114 silly cache add   scope: null,
114 silly cache add   name: 'nan',
114 silly cache add   rawSpec: '2.3.5',
114 silly cache add   spec: '2.3.5',
114 silly cache add   type: 'version' }
115 silly addNamed nan@2.3.5
116 verbose addNamed "2.3.5" is a plain semver version for nan
117 silly mapToRegistry name nan
118 silly mapToRegistry using default registry
119 silly mapToRegistry registry https://registry.npmjs.org/
120 silly mapToRegistry data Result {
120 silly mapToRegistry   raw: 'nan',
120 silly mapToRegistry   scope: null,
120 silly mapToRegistry   name: 'nan',
120 silly mapToRegistry   rawSpec: '',
120 silly mapToRegistry   spec: 'latest',
120 silly mapToRegistry   type: 'tag' }
121 silly mapToRegistry uri https://registry.npmjs.org/nan
122 verbose addNameVersion registry:https://registry.npmjs.org/nan not in flight; fetching
123 verbose get https://registry.npmjs.org/nan not expired, no request
124 silly cache afterAdd nan@2.3.5
125 verbose afterAdd C:\Users\Sharon\AppData\Roaming\npm-cache\nan\2.3.5\package\package.json not in flight; writing
126 verbose correctMkdir C:\Users\Sharon\AppData\Roaming\npm-cache correctMkdir not in flight; initializing
127 verbose afterAdd C:\Users\Sharon\AppData\Roaming\npm-cache\nan\2.3.5\package\package.json written
128 silly loadAllDepsIntoIdealTree Finishing
129 silly idealTree:prePrune SHARIBA@0.0.0
129 silly idealTree:prePrune +-- accepts@1.2.13
129 silly idealTree:prePrune +-- acorn-globals@1.0.9
129 silly idealTree:prePrune +-- acorn@2.7.0
129 silly idealTree:prePrune +-- align-text@0.1.4
129 silly idealTree:prePrune +-- amdefine@1.0.0
129 silly idealTree:prePrune +-- ap@0.2.0
129 silly idealTree:prePrune +-- array-flatten@1.1.1
129 silly idealTree:prePrune +-- asap@1.0.0
129 silly idealTree:prePrune +-- async@0.2.10
129 silly idealTree:prePrune +-- base64-url@1.2.1
129 silly idealTree:prePrune +-- basic-auth@1.0.4
129 silly idealTree:prePrune +-- bcrypt@0.8.7
129 silly idealTree:prePrune +-- bindings@1.2.1
129 silly idealTree:prePrune +-- bluebird@3.4.0
129 silly idealTree:prePrune +-- body-parser@1.13.3
129 silly idealTree:prePrune +-- buffer-writer@1.0.1
129 silly idealTree:prePrune +-- bytes@2.1.0
129 silly idealTree:prePrune +-- camelcase@1.2.1
129 silly idealTree:prePrune +-- center-align@0.1.3
129 silly idealTree:prePrune +-- character-parser@1.2.1
129 silly idealTree:prePrune +-- clean-css@3.4.18
129 silly idealTree:prePrune | `-- commander@2.8.1
129 silly idealTree:prePrune +-- cliui@2.1.0
129 silly idealTree:prePrune | `-- wordwrap@0.0.2
129 silly idealTree:prePrune +-- commander@2.6.0
129 silly idealTree:prePrune +-- constantinople@3.0.2
129 silly idealTree:prePrune +-- content-disposition@0.5.1
129 silly idealTree:prePrune +-- content-type@1.0.2
129 silly idealTree:prePrune +-- cookie-parser@1.3.5
129 silly idealTree:prePrune +-- cookie-signature@1.0.6
129 silly idealTree:prePrune +-- cookie@0.1.3
129 silly idealTree:prePrune +-- crc@3.4.0
129 silly idealTree:prePrune +-- css-parse@1.0.4
129 silly idealTree:prePrune +-- css-stringify@1.0.5
129 silly idealTree:prePrune +-- css@1.0.8
129 silly idealTree:prePrune +-- debug@2.2.0
129 silly idealTree:prePrune +-- decamelize@1.2.0
129 silly idealTree:prePrune +-- depd@1.0.1
129 silly idealTree:prePrune +-- destroy@1.0.4
129 silly idealTree:prePrune +-- dottie@1.1.1
129 silly idealTree:prePrune +-- ee-first@1.1.1
129 silly idealTree:prePrune +-- escape-html@1.0.3
129 silly idealTree:prePrune +-- etag@1.7.0
129 silly idealTree:prePrune +-- express-session@1.13.0
129 silly idealTree:prePrune | +-- cookie@0.2.3
129 silly idealTree:prePrune | `-- depd@1.1.0
129 silly idealTree:prePrune +-- express@4.13.4
129 silly idealTree:prePrune | +-- cookie@0.1.5
129 silly idealTree:prePrune | `-- depd@1.1.0
129 silly idealTree:prePrune +-- finalhandler@0.4.1
129 silly idealTree:prePrune +-- forwarded@0.1.0
129 silly idealTree:prePrune +-- fresh@0.3.0
129 silly idealTree:prePrune +-- generic-pool@2.4.2
129 silly idealTree:prePrune +-- graceful-readlink@1.0.1
129 silly idealTree:prePrune +-- http-errors@1.3.1
129 silly idealTree:prePrune +-- iconv-lite@0.4.11
129 silly idealTree:prePrune +-- inflection@1.10.0
129 silly idealTree:prePrune +-- inherits@2.0.1
129 silly idealTree:prePrune +-- ipaddr.js@1.0.5
129 silly idealTree:prePrune +-- is-buffer@1.1.3
129 silly idealTree:prePrune +-- is-promise@2.1.0
129 silly idealTree:prePrune +-- jade@1.11.0
129 silly idealTree:prePrune +-- jstransformer@0.0.2
129 silly idealTree:prePrune +-- kind-of@3.0.3
129 silly idealTree:prePrune +-- lazy-cache@1.0.4
129 silly idealTree:prePrune +-- lodash@4.12.0
129 silly idealTree:prePrune +-- longest@1.0.1
129 silly idealTree:prePrune +-- media-typer@0.3.0
129 silly idealTree:prePrune +-- merge-descriptors@1.0.1
129 silly idealTree:prePrune +-- methods@1.1.2
129 silly idealTree:prePrune +-- mime-db@1.23.0
129 silly idealTree:prePrune +-- mime-types@2.1.11
129 silly idealTree:prePrune +-- mime@1.3.4
129 silly idealTree:prePrune +-- minimist@0.0.8
129 silly idealTree:prePrune +-- mkdirp@0.5.1
129 silly idealTree:prePrune +-- moment-timezone@0.5.4
129 silly idealTree:prePrune +-- moment@2.13.0
129 silly idealTree:prePrune +-- morgan@1.6.1
129 silly idealTree:prePrune +-- ms@0.7.1
129 silly idealTree:prePrune +-- nan@2.3.5
129 silly idealTree:prePrune +-- negotiator@0.5.3
129 silly idealTree:prePrune +-- node-uuid@1.4.7
129 silly idealTree:prePrune +-- on-finished@2.3.0
129 silly idealTree:prePrune +-- on-headers@1.0.1
129 silly idealTree:prePrune +-- optimist@0.3.7
129 silly idealTree:prePrune +-- packet-reader@0.2.0
129 silly idealTree:prePrune +-- parseurl@1.3.1
129 silly idealTree:prePrune +-- path-to-regexp@0.1.7
129 silly idealTree:prePrune +-- pg-connection-string@0.1.3
129 silly idealTree:prePrune +-- pg-types@1.11.0
129 silly idealTree:prePrune +-- pg@5.1.0
129 silly idealTree:prePrune | `-- semver@4.3.2
129 silly idealTree:prePrune +-- pgpass@0.0.6
129 silly idealTree:prePrune +-- postgres-array@1.0.0
129 silly idealTree:prePrune +-- postgres-bytea@1.0.0
129 silly idealTree:prePrune +-- postgres-date@1.0.2
129 silly idealTree:prePrune +-- postgres-interval@1.0.2
129 silly idealTree:prePrune +-- promise@6.1.0
129 silly idealTree:prePrune +-- proxy-addr@1.0.10
129 silly idealTree:prePrune +-- qs@4.0.0
129 silly idealTree:prePrune +-- range-parser@1.0.3
129 silly idealTree:prePrune +-- raw-body@2.1.6
129 silly idealTree:prePrune | +-- bytes@2.3.0
129 silly idealTree:prePrune | `-- iconv-lite@0.4.13
129 silly idealTree:prePrune +-- repeat-string@1.5.4
129 silly idealTree:prePrune +-- retry-as-promised@2.0.1
129 silly idealTree:prePrune +-- right-align@0.1.3
129 silly idealTree:prePrune +-- semver@5.1.0
129 silly idealTree:prePrune +-- send@0.13.1
129 silly idealTree:prePrune | +-- depd@1.1.0
129 silly idealTree:prePrune | `-- statuses@1.2.1
129 silly idealTree:prePrune +-- sequelize@3.23.3
129 silly idealTree:prePrune | `-- depd@1.1.0
129 silly idealTree:prePrune +-- serve-favicon@2.3.0
129 silly idealTree:prePrune +-- serve-static@1.10.3
129 silly idealTree:prePrune | +-- depd@1.1.0
129 silly idealTree:prePrune | +-- send@0.13.2
129 silly idealTree:prePrune | `-- statuses@1.2.1
129 silly idealTree:prePrune +-- shimmer@1.1.0
129 silly idealTree:prePrune +-- source-map@0.4.4
129 silly idealTree:prePrune +-- split@1.0.0
129 silly idealTree:prePrune +-- statuses@1.3.0
129 silly idealTree:prePrune +-- terraformer-wkt-parser@1.1.0
129 silly idealTree:prePrune +-- terraformer@1.0.5
129 silly idealTree:prePrune +-- through@2.3.8
129 silly idealTree:prePrune +-- toposort-class@1.0.1
129 silly idealTree:prePrune +-- transformers@2.1.0
129 silly idealTree:prePrune | +-- is-promise@1.0.1
129 silly idealTree:prePrune | +-- promise@2.0.0
129 silly idealTree:prePrune | +-- source-map@0.1.43
129 silly idealTree:prePrune | `-- uglify-js@2.2.5
129 silly idealTree:prePrune +-- type-is@1.6.13
129 silly idealTree:prePrune +-- uglify-js@2.6.2
129 silly idealTree:prePrune | `-- source-map@0.5.6
129 silly idealTree:prePrune +-- uglify-to-browserify@1.0.2
129 silly idealTree:prePrune +-- uid-safe@2.0.0
129 silly idealTree:prePrune +-- unpipe@1.0.0
129 silly idealTree:prePrune +-- utils-merge@1.0.0
129 silly idealTree:prePrune +-- validator@5.4.0
129 silly idealTree:prePrune +-- vary@1.0.1
129 silly idealTree:prePrune +-- void-elements@2.0.1
129 silly idealTree:prePrune +-- window-size@0.1.0
129 silly idealTree:prePrune +-- with@4.0.3
129 silly idealTree:prePrune | `-- acorn@1.2.2
129 silly idealTree:prePrune +-- wkx@0.2.0
129 silly idealTree:prePrune +-- wordwrap@0.0.3
129 silly idealTree:prePrune +-- xtend@4.0.1
129 silly idealTree:prePrune `-- yargs@3.10.0
130 silly loadIdealTree Finishing
131 silly currentTree SHARIBA@0.0.0
131 silly currentTree +-- accepts@1.2.13
131 silly currentTree +-- acorn-globals@1.0.9
131 silly currentTree +-- acorn@2.7.0
131 silly currentTree +-- align-text@0.1.4
131 silly currentTree +-- amdefine@1.0.0
131 silly currentTree +-- ap@0.2.0
131 silly currentTree +-- array-flatten@1.1.1
131 silly currentTree +-- asap@1.0.0
131 silly currentTree +-- async@0.2.10
131 silly currentTree +-- base64-url@1.2.1
131 silly currentTree +-- basic-auth@1.0.4
131 silly currentTree +-- bluebird@3.4.0
131 silly currentTree +-- body-parser@1.13.3
131 silly currentTree +-- buffer-writer@1.0.1
131 silly currentTree +-- bytes@2.1.0
131 silly currentTree +-- camelcase@1.2.1
131 silly currentTree +-- center-align@0.1.3
131 silly currentTree +-- character-parser@1.2.1
131 silly currentTree +-- clean-css@3.4.18
131 silly currentTree | `-- commander@2.8.1
131 silly currentTree +-- cliui@2.1.0
131 silly currentTree | `-- wordwrap@0.0.2
131 silly currentTree +-- commander@2.6.0
131 silly currentTree +-- constantinople@3.0.2
131 silly currentTree +-- content-disposition@0.5.1
131 silly currentTree +-- content-type@1.0.2
131 silly currentTree +-- cookie-parser@1.3.5
131 silly currentTree +-- cookie-signature@1.0.6
131 silly currentTree +-- cookie@0.1.3
131 silly currentTree +-- crc@3.4.0
131 silly currentTree +-- css-parse@1.0.4
131 silly currentTree +-- css-stringify@1.0.5
131 silly currentTree +-- css@1.0.8
131 silly currentTree +-- debug@2.2.0
131 silly currentTree +-- decamelize@1.2.0
131 silly currentTree +-- depd@1.0.1
131 silly currentTree +-- destroy@1.0.4
131 silly currentTree +-- dottie@1.1.1
131 silly currentTree +-- ee-first@1.1.1
131 silly currentTree +-- escape-html@1.0.3
131 silly currentTree +-- etag@1.7.0
131 silly currentTree +-- express-session@1.13.0
131 silly currentTree | +-- cookie@0.2.3
131 silly currentTree | `-- depd@1.1.0
131 silly currentTree +-- express@4.13.4
131 silly currentTree | +-- cookie@0.1.5
131 silly currentTree | `-- depd@1.1.0
131 silly currentTree +-- finalhandler@0.4.1
131 silly currentTree +-- forwarded@0.1.0
131 silly currentTree +-- fresh@0.3.0
131 silly currentTree +-- generic-pool@2.4.2
131 silly currentTree +-- graceful-readlink@1.0.1
131 silly currentTree +-- http-errors@1.3.1
131 silly currentTree +-- iconv-lite@0.4.11
131 silly currentTree +-- inflection@1.10.0
131 silly currentTree +-- inherits@2.0.1
131 silly currentTree +-- ipaddr.js@1.0.5
131 silly currentTree +-- is-buffer@1.1.3
131 silly currentTree +-- is-promise@2.1.0
131 silly currentTree +-- jade@1.11.0
131 silly currentTree +-- jstransformer@0.0.2
131 silly currentTree +-- kind-of@3.0.3
131 silly currentTree +-- lazy-cache@1.0.4
131 silly currentTree +-- lodash@4.12.0
131 silly currentTree +-- longest@1.0.1
131 silly currentTree +-- media-typer@0.3.0
131 silly currentTree +-- merge-descriptors@1.0.1
131 silly currentTree +-- methods@1.1.2
131 silly currentTree +-- mime-db@1.23.0
131 silly currentTree +-- mime-types@2.1.11
131 silly currentTree +-- mime@1.3.4
131 silly currentTree +-- minimist@0.0.8
131 silly currentTree +-- mkdirp@0.5.1
131 silly currentTree +-- moment-timezone@0.5.4
131 silly currentTree +-- moment@2.13.0
131 silly currentTree +-- morgan@1.6.1
131 silly currentTree +-- ms@0.7.1
131 silly currentTree +-- negotiator@0.5.3
131 silly currentTree +-- node-uuid@1.4.7
131 silly currentTree +-- on-finished@2.3.0
131 silly currentTree +-- on-headers@1.0.1
131 silly currentTree +-- optimist@0.3.7
131 silly currentTree +-- packet-reader@0.2.0
131 silly currentTree +-- parseurl@1.3.1
131 silly currentTree +-- path-to-regexp@0.1.7
131 silly currentTree +-- pg-connection-string@0.1.3
131 silly currentTree +-- pg-types@1.11.0
131 silly currentTree +-- pg@5.1.0
131 silly currentTree | `-- semver@4.3.2
131 silly currentTree +-- pgpass@0.0.6
131 silly currentTree +-- postgres-array@1.0.0
131 silly currentTree +-- postgres-bytea@1.0.0
131 silly currentTree +-- postgres-date@1.0.2
131 silly currentTree +-- postgres-interval@1.0.2
131 silly currentTree +-- promise@6.1.0
131 silly currentTree +-- proxy-addr@1.0.10
131 silly currentTree +-- qs@4.0.0
131 silly currentTree +-- range-parser@1.0.3
131 silly currentTree +-- raw-body@2.1.6
131 silly currentTree | +-- bytes@2.3.0
131 silly currentTree | `-- iconv-lite@0.4.13
131 silly currentTree +-- repeat-string@1.5.4
131 silly currentTree +-- retry-as-promised@2.0.1
131 silly currentTree +-- right-align@0.1.3
131 silly currentTree +-- semver@5.1.0
131 silly currentTree +-- send@0.13.1
131 silly currentTree | +-- depd@1.1.0
131 silly currentTree | `-- statuses@1.2.1
131 silly currentTree +-- sequelize@3.23.3
131 silly currentTree | `-- depd@1.1.0
131 silly currentTree +-- serve-favicon@2.3.0
131 silly currentTree +-- serve-static@1.10.3
131 silly currentTree | +-- depd@1.1.0
131 silly currentTree | +-- send@0.13.2
131 silly currentTree | `-- statuses@1.2.1
131 silly currentTree +-- shimmer@1.1.0
131 silly currentTree +-- source-map@0.4.4
131 silly currentTree +-- split@1.0.0
131 silly currentTree +-- statuses@1.3.0
131 silly currentTree +-- terraformer-wkt-parser@1.1.0
131 silly currentTree +-- terraformer@1.0.5
131 silly currentTree +-- through@2.3.8
131 silly currentTree +-- toposort-class@1.0.1
131 silly currentTree +-- transformers@2.1.0
131 silly currentTree | +-- is-promise@1.0.1
131 silly currentTree | +-- promise@2.0.0
131 silly currentTree | +-- source-map@0.1.43
131 silly currentTree | `-- uglify-js@2.2.5
131 silly currentTree +-- type-is@1.6.13
131 silly currentTree +-- uglify-js@2.6.2
131 silly currentTree | `-- source-map@0.5.6
131 silly currentTree +-- uglify-to-browserify@1.0.2
131 silly currentTree +-- uid-safe@2.0.0
131 silly currentTree +-- unpipe@1.0.0
131 silly currentTree +-- utils-merge@1.0.0
131 silly currentTree +-- validator@5.4.0
131 silly currentTree +-- vary@1.0.1
131 silly currentTree +-- void-elements@2.0.1
131 silly currentTree +-- window-size@0.1.0
131 silly currentTree +-- with@4.0.3
131 silly currentTree | `-- acorn@1.2.2
131 silly currentTree +-- wkx@0.2.0
131 silly currentTree +-- wordwrap@0.0.3
131 silly currentTree +-- xtend@4.0.1
131 silly currentTree `-- yargs@3.10.0
132 silly idealTree SHARIBA@0.0.0
132 silly idealTree +-- accepts@1.2.13
132 silly idealTree +-- acorn-globals@1.0.9
132 silly idealTree +-- acorn@2.7.0
132 silly idealTree +-- align-text@0.1.4
132 silly idealTree +-- amdefine@1.0.0
132 silly idealTree +-- ap@0.2.0
132 silly idealTree +-- array-flatten@1.1.1
132 silly idealTree +-- asap@1.0.0
132 silly idealTree +-- async@0.2.10
132 silly idealTree +-- base64-url@1.2.1
132 silly idealTree +-- basic-auth@1.0.4
132 silly idealTree +-- bcrypt@0.8.7
132 silly idealTree +-- bindings@1.2.1
132 silly idealTree +-- bluebird@3.4.0
132 silly idealTree +-- body-parser@1.13.3
132 silly idealTree +-- buffer-writer@1.0.1
132 silly idealTree +-- bytes@2.1.0
132 silly idealTree +-- camelcase@1.2.1
132 silly idealTree +-- center-align@0.1.3
132 silly idealTree +-- character-parser@1.2.1
132 silly idealTree +-- clean-css@3.4.18
132 silly idealTree | `-- commander@2.8.1
132 silly idealTree +-- cliui@2.1.0
132 silly idealTree | `-- wordwrap@0.0.2
132 silly idealTree +-- commander@2.6.0
132 silly idealTree +-- constantinople@3.0.2
132 silly idealTree +-- content-disposition@0.5.1
132 silly idealTree +-- content-type@1.0.2
132 silly idealTree +-- cookie-parser@1.3.5
132 silly idealTree +-- cookie-signature@1.0.6
132 silly idealTree +-- cookie@0.1.3
132 silly idealTree +-- crc@3.4.0
132 silly idealTree +-- css-parse@1.0.4
132 silly idealTree +-- css-stringify@1.0.5
132 silly idealTree +-- css@1.0.8
132 silly idealTree +-- debug@2.2.0
132 silly idealTree +-- decamelize@1.2.0
132 silly idealTree +-- depd@1.0.1
132 silly idealTree +-- destroy@1.0.4
132 silly idealTree +-- dottie@1.1.1
132 silly idealTree +-- ee-first@1.1.1
132 silly idealTree +-- escape-html@1.0.3
132 silly idealTree +-- etag@1.7.0
132 silly idealTree +-- express-session@1.13.0
132 silly idealTree | +-- cookie@0.2.3
132 silly idealTree | `-- depd@1.1.0
132 silly idealTree +-- express@4.13.4
132 silly idealTree | +-- cookie@0.1.5
132 silly idealTree | `-- depd@1.1.0
132 silly idealTree +-- finalhandler@0.4.1
132 silly idealTree +-- forwarded@0.1.0
132 silly idealTree +-- fresh@0.3.0
132 silly idealTree +-- generic-pool@2.4.2
132 silly idealTree +-- graceful-readlink@1.0.1
132 silly idealTree +-- http-errors@1.3.1
132 silly idealTree +-- iconv-lite@0.4.11
132 silly idealTree +-- inflection@1.10.0
132 silly idealTree +-- inherits@2.0.1
132 silly idealTree +-- ipaddr.js@1.0.5
132 silly idealTree +-- is-buffer@1.1.3
132 silly idealTree +-- is-promise@2.1.0
132 silly idealTree +-- jade@1.11.0
132 silly idealTree +-- jstransformer@0.0.2
132 silly idealTree +-- kind-of@3.0.3
132 silly idealTree +-- lazy-cache@1.0.4
132 silly idealTree +-- lodash@4.12.0
132 silly idealTree +-- longest@1.0.1
132 silly idealTree +-- media-typer@0.3.0
132 silly idealTree +-- merge-descriptors@1.0.1
132 silly idealTree +-- methods@1.1.2
132 silly idealTree +-- mime-db@1.23.0
132 silly idealTree +-- mime-types@2.1.11
132 silly idealTree +-- mime@1.3.4
132 silly idealTree +-- minimist@0.0.8
132 silly idealTree +-- mkdirp@0.5.1
132 silly idealTree +-- moment-timezone@0.5.4
132 silly idealTree +-- moment@2.13.0
132 silly idealTree +-- morgan@1.6.1
132 silly idealTree +-- ms@0.7.1
132 silly idealTree +-- nan@2.3.5
132 silly idealTree +-- negotiator@0.5.3
132 silly idealTree +-- node-uuid@1.4.7
132 silly idealTree +-- on-finished@2.3.0
132 silly idealTree +-- on-headers@1.0.1
132 silly idealTree +-- optimist@0.3.7
132 silly idealTree +-- packet-reader@0.2.0
132 silly idealTree +-- parseurl@1.3.1
132 silly idealTree +-- path-to-regexp@0.1.7
132 silly idealTree +-- pg-connection-string@0.1.3
132 silly idealTree +-- pg-types@1.11.0
132 silly idealTree +-- pg@5.1.0
132 silly idealTree | `-- semver@4.3.2
132 silly idealTree +-- pgpass@0.0.6
132 silly idealTree +-- postgres-array@1.0.0
132 silly idealTree +-- postgres-bytea@1.0.0
132 silly idealTree +-- postgres-date@1.0.2
132 silly idealTree +-- postgres-interval@1.0.2
132 silly idealTree +-- promise@6.1.0
132 silly idealTree +-- proxy-addr@1.0.10
132 silly idealTree +-- qs@4.0.0
132 silly idealTree +-- range-parser@1.0.3
132 silly idealTree +-- raw-body@2.1.6
132 silly idealTree | +-- bytes@2.3.0
132 silly idealTree | `-- iconv-lite@0.4.13
132 silly idealTree +-- repeat-string@1.5.4
132 silly idealTree +-- retry-as-promised@2.0.1
132 silly idealTree +-- right-align@0.1.3
132 silly idealTree +-- semver@5.1.0
132 silly idealTree +-- send@0.13.1
132 silly idealTree | +-- depd@1.1.0
132 silly idealTree | `-- statuses@1.2.1
132 silly idealTree +-- sequelize@3.23.3
132 silly idealTree | `-- depd@1.1.0
132 silly idealTree +-- serve-favicon@2.3.0
132 silly idealTree +-- serve-static@1.10.3
132 silly idealTree | +-- depd@1.1.0
132 silly idealTree | +-- send@0.13.2
132 silly idealTree | `-- statuses@1.2.1
132 silly idealTree +-- shimmer@1.1.0
132 silly idealTree +-- source-map@0.4.4
132 silly idealTree +-- split@1.0.0
132 silly idealTree +-- statuses@1.3.0
132 silly idealTree +-- terraformer-wkt-parser@1.1.0
132 silly idealTree +-- terraformer@1.0.5
132 silly idealTree +-- through@2.3.8
132 silly idealTree +-- toposort-class@1.0.1
132 silly idealTree +-- transformers@2.1.0
132 silly idealTree | +-- is-promise@1.0.1
132 silly idealTree | +-- promise@2.0.0
132 silly idealTree | +-- source-map@0.1.43
132 silly idealTree | `-- uglify-js@2.2.5
132 silly idealTree +-- type-is@1.6.13
132 silly idealTree +-- uglify-js@2.6.2
132 silly idealTree | `-- source-map@0.5.6
132 silly idealTree +-- uglify-to-browserify@1.0.2
132 silly idealTree +-- uid-safe@2.0.0
132 silly idealTree +-- unpipe@1.0.0
132 silly idealTree +-- utils-merge@1.0.0
132 silly idealTree +-- validator@5.4.0
132 silly idealTree +-- vary@1.0.1
132 silly idealTree +-- void-elements@2.0.1
132 silly idealTree +-- window-size@0.1.0
132 silly idealTree +-- with@4.0.3
132 silly idealTree | `-- acorn@1.2.2
132 silly idealTree +-- wkx@0.2.0
132 silly idealTree +-- wordwrap@0.0.3
132 silly idealTree +-- xtend@4.0.1
132 silly idealTree `-- yargs@3.10.0
133 silly generateActionsToTake Starting
134 silly install generateActionsToTake
135 silly generateActionsToTake Finishing
136 silly diffTrees action count 3
137 silly diffTrees add bindings@1.2.1
138 silly diffTrees add nan@2.3.5
139 silly diffTrees add bcrypt@0.8.7
140 silly decomposeActions action count 24
141 silly decomposeActions fetch bindings@1.2.1
142 silly decomposeActions extract bindings@1.2.1
143 silly decomposeActions test bindings@1.2.1
144 silly decomposeActions preinstall bindings@1.2.1
145 silly decomposeActions build bindings@1.2.1
146 silly decomposeActions install bindings@1.2.1
147 silly decomposeActions postinstall bindings@1.2.1
148 silly decomposeActions finalize bindings@1.2.1
149 silly decomposeActions fetch nan@2.3.5
150 silly decomposeActions extract nan@2.3.5
151 silly decomposeActions test nan@2.3.5
152 silly decomposeActions preinstall nan@2.3.5
153 silly decomposeActions build nan@2.3.5
154 silly decomposeActions install nan@2.3.5
155 silly decomposeActions postinstall nan@2.3.5
156 silly decomposeActions finalize nan@2.3.5
157 silly decomposeActions fetch bcrypt@0.8.7
158 silly decomposeActions extract bcrypt@0.8.7
159 silly decomposeActions test bcrypt@0.8.7
160 silly decomposeActions preinstall bcrypt@0.8.7
161 silly decomposeActions build bcrypt@0.8.7
162 silly decomposeActions install bcrypt@0.8.7
163 silly decomposeActions postinstall bcrypt@0.8.7
164 silly decomposeActions finalize bcrypt@0.8.7
165 silly executeActions Starting
166 silly install executeActions
167 silly doSerial global-install 0
168 silly doParallel fetch 3
169 verbose correctMkdir C:\Users\Sharon\AppData\Roaming\npm-cache\_locks correctMkdir not in flight; initializing
170 verbose lock using C:\Users\Sharon\AppData\Roaming\npm-cache\_locks\staging-be327039908b1cd0.lock for C:\Users\Sharon\Dev\SHARIBA\node_modules\.staging
171 silly doParallel extract 3
172 silly extract bindings@1.2.1
173 silly extract nan@2.3.5
174 silly extract bcrypt@0.8.7
175 verbose unbuild node_modules\.staging\bindings-c908f244
176 verbose unbuild node_modules\.staging\nan-8a0cef7b
177 verbose unbuild node_modules\.staging\bcrypt-8ff964ba
178 silly gentlyRm C:\Users\Sharon\Dev\SHARIBA\node_modules\.staging\bindings-c908f244 is being purged from base C:\Users\Sharon\Dev\SHARIBA
179 verbose gentlyRm don't care about contents; nuking C:\Users\Sharon\Dev\SHARIBA\node_modules\.staging\bindings-c908f244
180 silly gentlyRm C:\Users\Sharon\Dev\SHARIBA\node_modules\.staging\nan-8a0cef7b is being purged from base C:\Users\Sharon\Dev\SHARIBA
181 verbose gentlyRm don't care about contents; nuking C:\Users\Sharon\Dev\SHARIBA\node_modules\.staging\nan-8a0cef7b
182 silly gentlyRm C:\Users\Sharon\Dev\SHARIBA\node_modules\.staging\bcrypt-8ff964ba is being purged from base C:\Users\Sharon\Dev\SHARIBA
183 verbose gentlyRm don't care about contents; nuking C:\Users\Sharon\Dev\SHARIBA\node_modules\.staging\bcrypt-8ff964ba
184 verbose tar unpack C:\Users\Sharon\AppData\Roaming\npm-cache\bindings\1.2.1\package.tgz
185 verbose tar unpacking to C:\Users\Sharon\Dev\SHARIBA\node_modules\.staging\bindings-c908f244
186 silly gentlyRm C:\Users\Sharon\Dev\SHARIBA\node_modules\.staging\bindings-c908f244 is being purged
187 verbose gentlyRm don't care about contents; nuking C:\Users\Sharon\Dev\SHARIBA\node_modules\.staging\bindings-c908f244
188 verbose tar unpack C:\Users\Sharon\AppData\Roaming\npm-cache\nan\2.3.5\package.tgz
189 verbose tar unpacking to C:\Users\Sharon\Dev\SHARIBA\node_modules\.staging\nan-8a0cef7b
190 silly gentlyRm C:\Users\Sharon\Dev\SHARIBA\node_modules\.staging\nan-8a0cef7b is being purged
191 verbose gentlyRm don't care about contents; nuking C:\Users\Sharon\Dev\SHARIBA\node_modules\.staging\nan-8a0cef7b
192 verbose tar unpack C:\Users\Sharon\AppData\Roaming\npm-cache\bcrypt\0.8.7\package.tgz
193 verbose tar unpacking to C:\Users\Sharon\Dev\SHARIBA\node_modules\.staging\bcrypt-8ff964ba
194 silly gentlyRm C:\Users\Sharon\Dev\SHARIBA\node_modules\.staging\bcrypt-8ff964ba is being purged
195 verbose gentlyRm don't care about contents; nuking C:\Users\Sharon\Dev\SHARIBA\node_modules\.staging\bcrypt-8ff964ba
196 silly gunzTarPerm modes [ '777', '666' ]
197 silly gunzTarPerm modes [ '777', '666' ]
198 silly gunzTarPerm modes [ '777', '666' ]
199 silly gunzTarPerm extractEntry package.json
200 silly gunzTarPerm modified mode [ 'package.json', 436, 438 ]
201 silly gunzTarPerm extractEntry package.json
202 silly gunzTarPerm modified mode [ 'package.json', 420, 438 ]
203 silly gunzTarPerm extractEntry package.json
204 silly gunzTarPerm modified mode [ 'package.json', 420, 438 ]
205 silly gunzTarPerm extractEntry README.md
206 silly gunzTarPerm modified mode [ 'README.md', 436, 438 ]
207 silly gunzTarPerm extractEntry include_dirs.js
208 silly gunzTarPerm modified mode [ 'include_dirs.js', 436, 438 ]
209 silly gunzTarPerm extractEntry nan_converters.h
210 silly gunzTarPerm modified mode [ 'nan_converters.h', 436, 438 ]
211 silly gunzTarPerm extractEntry LICENSE.md
212 silly gunzTarPerm modified mode [ 'LICENSE.md', 436, 438 ]
213 silly gunzTarPerm extractEntry doc/node_misc.md
214 silly gunzTarPerm modified mode [ 'doc/node_misc.md', 436, 438 ]
215 silly gunzTarPerm extractEntry doc/asyncworker.md
216 silly gunzTarPerm modified mode [ 'doc/asyncworker.md', 436, 438 ]
217 silly gunzTarPerm extractEntry doc/callback.md
218 silly gunzTarPerm modified mode [ 'doc/callback.md', 436, 438 ]
219 silly gunzTarPerm extractEntry doc/converters.md
220 silly gunzTarPerm modified mode [ 'doc/converters.md', 436, 438 ]
221 silly gunzTarPerm extractEntry doc/errors.md
222 silly gunzTarPerm modified mode [ 'doc/errors.md', 436, 438 ]
223 silly gunzTarPerm extractEntry doc/maybe_types.md
224 silly gunzTarPerm modified mode [ 'doc/maybe_types.md', 436, 438 ]
225 silly gunzTarPerm extractEntry doc/methods.md
226 silly gunzTarPerm modified mode [ 'doc/methods.md', 436, 438 ]
227 silly gunzTarPerm extractEntry doc/new.md
228 silly gunzTarPerm modified mode [ 'doc/new.md', 436, 438 ]
229 silly gunzTarPerm extractEntry doc/buffers.md
230 silly gunzTarPerm modified mode [ 'doc/buffers.md', 436, 438 ]
231 silly gunzTarPerm extractEntry doc/object_wrappers.md
232 silly gunzTarPerm modified mode [ 'doc/object_wrappers.md', 436, 438 ]
233 silly gunzTarPerm extractEntry doc/persistent.md
234 silly gunzTarPerm modified mode [ 'doc/persistent.md', 436, 438 ]
235 silly gunzTarPerm extractEntry doc/scopes.md
236 silly gunzTarPerm modified mode [ 'doc/scopes.md', 436, 438 ]
237 silly gunzTarPerm extractEntry doc/script.md
238 silly gunzTarPerm modified mode [ 'doc/script.md', 436, 438 ]
239 silly gunzTarPerm extractEntry doc/string_bytes.md
240 silly gunzTarPerm modified mode [ 'doc/string_bytes.md', 436, 438 ]
241 silly gunzTarPerm extractEntry doc/v8_internals.md
242 silly gunzTarPerm modified mode [ 'doc/v8_internals.md', 436, 438 ]
243 silly gunzTarPerm extractEntry doc/v8_misc.md
244 silly gunzTarPerm modified mode [ 'doc/v8_misc.md', 436, 438 ]
245 silly gunzTarPerm extractEntry nan.h
246 silly gunzTarPerm modified mode [ 'nan.h', 436, 438 ]
247 silly gunzTarPerm extractEntry nan_callbacks.h
248 silly gunzTarPerm modified mode [ 'nan_callbacks.h', 436, 438 ]
249 silly gunzTarPerm extractEntry nan_callbacks_12_inl.h
250 silly gunzTarPerm modified mode [ 'nan_callbacks_12_inl.h', 436, 438 ]
251 silly gunzTarPerm extractEntry nan_callbacks_pre_12_inl.h
252 silly gunzTarPerm modified mode [ 'nan_callbacks_pre_12_inl.h', 436, 438 ]
253 silly gunzTarPerm extractEntry nan_converters_43_inl.h
254 silly gunzTarPerm modified mode [ 'nan_converters_43_inl.h', 436, 438 ]
255 silly gunzTarPerm extractEntry nan_converters_pre_43_inl.h
256 silly gunzTarPerm modified mode [ 'nan_converters_pre_43_inl.h', 436, 438 ]
257 silly gunzTarPerm extractEntry nan_implementation_12_inl.h
258 silly gunzTarPerm modified mode [ 'nan_implementation_12_inl.h', 436, 438 ]
259 silly gunzTarPerm extractEntry nan_implementation_pre_12_inl.h
260 silly gunzTarPerm modified mode [ 'nan_implementation_pre_12_inl.h', 436, 438 ]
261 silly gunzTarPerm extractEntry nan_maybe_43_inl.h
262 silly gunzTarPerm modified mode [ 'nan_maybe_43_inl.h', 436, 438 ]
263 silly gunzTarPerm extractEntry nan_maybe_pre_43_inl.h
264 silly gunzTarPerm modified mode [ 'nan_maybe_pre_43_inl.h', 436, 438 ]
265 silly gunzTarPerm extractEntry nan_new.h
266 silly gunzTarPerm modified mode [ 'nan_new.h', 436, 438 ]
267 silly gunzTarPerm extractEntry nan_object_wrap.h
268 silly gunzTarPerm modified mode [ 'nan_object_wrap.h', 436, 438 ]
269 silly gunzTarPerm extractEntry nan_persistent_12_inl.h
270 silly gunzTarPerm modified mode [ 'nan_persistent_12_inl.h', 436, 438 ]
271 silly gunzTarPerm extractEntry nan_persistent_pre_12_inl.h
272 silly gunzTarPerm modified mode [ 'nan_persistent_pre_12_inl.h', 436, 438 ]
273 silly gunzTarPerm extractEntry nan_string_bytes.h
274 silly gunzTarPerm modified mode [ 'nan_string_bytes.h', 436, 438 ]
275 silly gunzTarPerm extractEntry nan_typedarray_contents.h
276 silly gunzTarPerm modified mode [ 'nan_typedarray_contents.h', 436, 438 ]
277 silly gunzTarPerm extractEntry nan_weak.h
278 silly gunzTarPerm modified mode [ 'nan_weak.h', 436, 438 ]
279 silly gunzTarPerm extractEntry CHANGELOG.md
280 silly gunzTarPerm modified mode [ 'CHANGELOG.md', 436, 438 ]
281 silly gunzTarPerm extractEntry tools/package.json
282 silly gunzTarPerm modified mode [ 'tools/package.json', 436, 438 ]
283 silly gunzTarPerm extractEntry tools/README.md
284 silly gunzTarPerm modified mode [ 'tools/README.md', 436, 438 ]
285 silly gunzTarPerm extractEntry tools/1to2.js
286 silly gunzTarPerm modified mode [ 'tools/1to2.js', 509, 511 ]
287 silly gunzTarPerm extractEntry .npmignore
288 silly gunzTarPerm modified mode [ '.npmignore', 420, 438 ]
289 silly gunzTarPerm extractEntry README.md
290 silly gunzTarPerm modified mode [ 'README.md', 420, 438 ]
291 silly gunzTarPerm extractEntry README.md
292 silly gunzTarPerm modified mode [ 'README.md', 420, 438 ]
293 silly gunzTarPerm extractEntry bindings.js
294 silly gunzTarPerm modified mode [ 'bindings.js', 420, 438 ]
295 silly gunzTarPerm extractEntry LICENSE
296 silly gunzTarPerm modified mode [ 'LICENSE', 420, 438 ]
297 silly gunzTarPerm extractEntry bcrypt.js
298 silly gunzTarPerm modified mode [ 'bcrypt.js', 420, 438 ]
299 silly gunzTarPerm extractEntry Makefile
300 silly gunzTarPerm modified mode [ 'Makefile', 420, 438 ]
301 silly gunzTarPerm extractEntry .travis.yml
302 silly gunzTarPerm modified mode [ '.travis.yml', 420, 438 ]
303 silly gunzTarPerm extractEntry CHANGELOG.md
304 silly gunzTarPerm modified mode [ 'CHANGELOG.md', 420, 438 ]
305 silly gunzTarPerm extractEntry binding.gyp
306 silly gunzTarPerm modified mode [ 'binding.gyp', 420, 438 ]
307 silly gunzTarPerm extractEntry examples/async_compare.js
308 silly gunzTarPerm modified mode [ 'examples/async_compare.js', 420, 438 ]
309 silly gunzTarPerm extractEntry examples/forever_gen_salt.js
310 silly gunzTarPerm modified mode [ 'examples/forever_gen_salt.js', 420, 438 ]
311 silly gunzTarPerm extractEntry test/async.js
312 silly gunzTarPerm modified mode [ 'test/async.js', 420, 438 ]
313 silly gunzTarPerm extractEntry test/repetitions.js
314 silly gunzTarPerm modified mode [ 'test/repetitions.js', 420, 438 ]
315 silly gunzTarPerm extractEntry test/sync.js
316 silly gunzTarPerm modified mode [ 'test/sync.js', 420, 438 ]
317 silly gunzTarPerm extractEntry ISSUE_TEMPLATE.md
318 silly gunzTarPerm modified mode [ 'ISSUE_TEMPLATE.md', 420, 438 ]
319 silly gunzTarPerm extractEntry src/bcrypt.cc
320 silly gunzTarPerm modified mode [ 'src/bcrypt.cc', 420, 438 ]
321 silly gunzTarPerm extractEntry src/bcrypt_node.cc
322 silly gunzTarPerm modified mode [ 'src/bcrypt_node.cc', 420, 438 ]
323 silly gunzTarPerm extractEntry src/blowfish.cc
324 silly gunzTarPerm modified mode [ 'src/blowfish.cc', 420, 438 ]
325 silly gunzTarPerm extractEntry src/node_blf.h
326 silly gunzTarPerm modified mode [ 'src/node_blf.h', 420, 438 ]
327 silly gunzTarPerm extractEntry werker.yml
328 silly gunzTarPerm modified mode [ 'werker.yml', 420, 438 ]
329 silly gentlyRm C:\Users\Sharon\Dev\SHARIBA\node_modules\.staging\bindings-c908f244\node_modules is being purged
330 verbose gentlyRm don't care about contents; nuking C:\Users\Sharon\Dev\SHARIBA\node_modules\.staging\bindings-c908f244\node_modules
331 silly gentlyRm C:\Users\Sharon\Dev\SHARIBA\node_modules\.staging\bcrypt-8ff964ba\node_modules is being purged
332 verbose gentlyRm don't care about contents; nuking C:\Users\Sharon\Dev\SHARIBA\node_modules\.staging\bcrypt-8ff964ba\node_modules
333 silly gentlyRm C:\Users\Sharon\Dev\SHARIBA\node_modules\.staging\nan-8a0cef7b\node_modules is being purged
334 verbose gentlyRm don't care about contents; nuking C:\Users\Sharon\Dev\SHARIBA\node_modules\.staging\nan-8a0cef7b\node_modules
335 silly doParallel preinstall 3
336 silly preinstall bindings@1.2.1 C:\Users\Sharon\Dev\SHARIBA\node_modules\.staging\bindings-c908f244
337 info lifecycle bindings@1.2.1~preinstall: bindings@1.2.1
338 silly preinstall nan@2.3.5 C:\Users\Sharon\Dev\SHARIBA\node_modules\.staging\nan-8a0cef7b
339 info lifecycle nan@2.3.5~preinstall: nan@2.3.5
340 silly preinstall bcrypt@0.8.7 C:\Users\Sharon\Dev\SHARIBA\node_modules\.staging\bcrypt-8ff964ba
341 info lifecycle bcrypt@0.8.7~preinstall: bcrypt@0.8.7
342 silly lifecycle bindings@1.2.1~preinstall: no script for preinstall, continuing
343 silly lifecycle nan@2.3.5~preinstall: no script for preinstall, continuing
344 silly lifecycle bcrypt@0.8.7~preinstall: no script for preinstall, continuing
345 silly doReverseSerial remove 0
346 silly doSerial move 0
347 silly doSerial finalize 3
348 silly finalize C:\Users\Sharon\Dev\SHARIBA\node_modules\bindings
349 silly finalize C:\Users\Sharon\Dev\SHARIBA\node_modules\nan
350 silly finalize C:\Users\Sharon\Dev\SHARIBA\node_modules\bcrypt
351 silly doSerial build 3
352 silly build bindings@1.2.1
353 info linkStuff bindings@1.2.1
354 silly linkStuff bindings@1.2.1 has C:\Users\Sharon\Dev\SHARIBA\node_modules as its parent node_modules
355 verbose linkBins bindings@1.2.1
356 verbose linkMans bindings@1.2.1
357 silly build nan@2.3.5
358 info linkStuff nan@2.3.5
359 silly linkStuff nan@2.3.5 has C:\Users\Sharon\Dev\SHARIBA\node_modules as its parent node_modules
360 verbose linkBins nan@2.3.5
361 verbose linkMans nan@2.3.5
362 silly build bcrypt@0.8.7
363 info linkStuff bcrypt@0.8.7
364 silly linkStuff bcrypt@0.8.7 has C:\Users\Sharon\Dev\SHARIBA\node_modules as its parent node_modules
365 verbose linkBins bcrypt@0.8.7
366 verbose linkMans bcrypt@0.8.7
367 silly doSerial global-link 0
368 silly doParallel update-linked 0
369 silly doSerial install 3
370 silly install bindings@1.2.1 C:\Users\Sharon\Dev\SHARIBA\node_modules\.staging\bindings-c908f244
371 info lifecycle bindings@1.2.1~install: bindings@1.2.1
372 silly lifecycle bindings@1.2.1~install: no script for install, continuing
373 silly install nan@2.3.5 C:\Users\Sharon\Dev\SHARIBA\node_modules\.staging\nan-8a0cef7b
374 info lifecycle nan@2.3.5~install: nan@2.3.5
375 silly lifecycle nan@2.3.5~install: no script for install, continuing
376 silly install bcrypt@0.8.7 C:\Users\Sharon\Dev\SHARIBA\node_modules\.staging\bcrypt-8ff964ba
377 info lifecycle bcrypt@0.8.7~install: bcrypt@0.8.7
378 verbose lifecycle bcrypt@0.8.7~install: unsafe-perm in lifecycle true
379 verbose lifecycle bcrypt@0.8.7~install: PATH: C:\Program Files\nodejs\node_modules\npm\bin\node-gyp-bin;C:\Users\Sharon\Dev\SHARIBA\node_modules\bcrypt\node_modules\.bin;C:\Users\Sharon\Dev\SHARIBA\node_modules\.bin;C:\Program Files\nodejs;C:\Users\Sharon\bin;C:\Program Files\Git\mingw64\bin;C:\Program Files\Git\usr\local\bin;C:\Program Files\Git\usr\bin;C:\Program Files\Git\usr\bin;C:\Program Files\Git\mingw64\bin;C:\Program Files\Git\usr\bin;C:\Users\Sharon\bin;C:\Program Files (x86)\NVIDIA Corporation\PhysX\Common;C:\Program Files (x86)\Intel\iCLS Client;C:\Program Files\Intel\iCLS Client;C:\WINDOWS\system32;C:\WINDOWS;C:\WINDOWS\System32\Wbem;C:\WINDOWS\System32\WindowsPowerShell\v1.0;C:\Program Files (x86)\Windows Live\Shared;C:\Program Files\Intel\Intel(R) Management Engine Components\DAL;C:\Program Files\Intel\Intel(R) Management Engine Components\IPT;C:\Program Files (x86)\Intel\Intel(R) Management Engine Components\DAL;C:\Program Files (x86)\Intel\Intel(R) Management Engine Components\IPT;C:\Program Files (x86)\Intel\OpenCL SDK\2.0\bin\x86;C:\Program Files (x86)\Intel\OpenCL SDK\2.0\bin\x64;C:\Program Files (x86)\Panda Security\Panda Global Protection 2014;C:\Program Files (x86)\Skype\Phone;C:\Program Files\nodejs;C:\Program Files (x86)\Heroku\bin;C:\Program Files (x86)\git\cmd;C:\Program Files (x86)\Git\cmd;C:\Users\Sharon\AppData\Roaming\npm;C:\Program Files\Git\usr\bin\vendor_perl;C:\Program Files\Git\usr\bin\core_perl
380 verbose lifecycle bcrypt@0.8.7~install: CWD: C:\Users\Sharon\Dev\SHARIBA\node_modules\bcrypt
381 silly lifecycle bcrypt@0.8.7~install: Args: [ '/d /s /c', 'node-gyp rebuild' ]
382 silly lifecycle bcrypt@0.8.7~install: Returned: code: 1  signal: null
383 info lifecycle bcrypt@0.8.7~install: Failed to exec install script
384 verbose unlock done using C:\Users\Sharon\AppData\Roaming\npm-cache\_locks\staging-be327039908b1cd0.lock for C:\Users\Sharon\Dev\SHARIBA\node_modules\.staging
385 silly rollbackFailedOptional Starting
386 silly rollbackFailedOptional Finishing
387 silly runTopLevelLifecycles Starting
388 silly runTopLevelLifecycles Finishing
389 silly install printInstalled
390 verbose stack Error: bcrypt@0.8.7 install: `node-gyp rebuild`
390 verbose stack Exit status 1
390 verbose stack     at EventEmitter.<anonymous> (C:\Program Files\nodejs\node_modules\npm\lib\utils\lifecycle.js:239:16)
390 verbose stack     at emitTwo (events.js:106:13)
390 verbose stack     at EventEmitter.emit (events.js:191:7)
390 verbose stack     at ChildProcess.<anonymous> (C:\Program Files\nodejs\node_modules\npm\lib\utils\spawn.js:24:14)
390 verbose stack     at emitTwo (events.js:106:13)
390 verbose stack     at ChildProcess.emit (events.js:191:7)
390 verbose stack     at maybeClose (internal/child_process.js:850:16)
390 verbose stack     at Process.ChildProcess._handle.onexit (internal/child_process.js:215:5)
391 verbose pkgid bcrypt@0.8.7
392 verbose cwd C:\Users\Sharon\Dev\SHARIBA
393 error Windows_NT 6.3.9600
394 error argv "C:\\Program Files\\nodejs\\node.exe" "C:\\Program Files\\nodejs\\node_modules\\npm\\bin\\npm-cli.js" "install" "bcrypt" "--save"
395 error node v6.1.0
396 error npm  v3.8.6
397 error code ELIFECYCLE
398 error bcrypt@0.8.7 install: `node-gyp rebuild`
398 error Exit status 1
399 error Failed at the bcrypt@0.8.7 install script 'node-gyp rebuild'.
399 error Make sure you have the latest version of node.js and npm installed.
399 error If you do, this is most likely a problem with the bcrypt package,
399 error not with npm itself.
399 error Tell the author that this fails on your system:
399 error     node-gyp rebuild
399 error You can get information on how to open an issue for this project with:
399 error     npm bugs bcrypt
399 error Or if that isn't available, you can get their info via:
399 error     npm owner ls bcrypt
399 error There is likely additional logging output above.
400 verbose exit [ 1, true ]
=======
1 verbose cli [ '/usr/local/Cellar/node/6.0.0/bin/node',
1 verbose cli   '/usr/local/bin/npm',
1 verbose cli   'start' ]
2 info using npm@3.8.6
3 info using node@v6.0.0
4 verbose run-script [ 'prestart', 'start', 'poststart' ]
5 info lifecycle SHARIBA@0.0.0~prestart: SHARIBA@0.0.0
6 silly lifecycle SHARIBA@0.0.0~prestart: no script for prestart, continuing
7 info lifecycle SHARIBA@0.0.0~start: SHARIBA@0.0.0
8 verbose lifecycle SHARIBA@0.0.0~start: unsafe-perm in lifecycle true
9 verbose lifecycle SHARIBA@0.0.0~start: PATH: /usr/local/lib/node_modules/npm/bin/node-gyp-bin:/Users/sarithbreedijk/Dev/SHARIBA/node_modules/.bin:/usr/local/Cellar/node/6.0.0/bin:/usr/local/bin:/usr/bin:/bin:/usr/sbin:/sbin
10 verbose lifecycle SHARIBA@0.0.0~start: CWD: /Users/sarithbreedijk/Dev/SHARIBA
11 silly lifecycle SHARIBA@0.0.0~start: Args: [ '-c', 'node ./bin/www' ]
12 silly lifecycle SHARIBA@0.0.0~start: Returned: code: 1  signal: null
13 info lifecycle SHARIBA@0.0.0~start: Failed to exec start script
14 verbose stack Error: SHARIBA@0.0.0 start: `node ./bin/www`
14 verbose stack Exit status 1
14 verbose stack     at EventEmitter.<anonymous> (/usr/local/lib/node_modules/npm/lib/utils/lifecycle.js:239:16)
14 verbose stack     at emitTwo (events.js:106:13)
14 verbose stack     at EventEmitter.emit (events.js:191:7)
14 verbose stack     at ChildProcess.<anonymous> (/usr/local/lib/node_modules/npm/lib/utils/spawn.js:24:14)
14 verbose stack     at emitTwo (events.js:106:13)
14 verbose stack     at ChildProcess.emit (events.js:191:7)
14 verbose stack     at maybeClose (internal/child_process.js:850:16)
14 verbose stack     at Process.ChildProcess._handle.onexit (internal/child_process.js:215:5)
15 verbose pkgid SHARIBA@0.0.0
16 verbose cwd /Users/sarithbreedijk/Dev/SHARIBA
17 error Darwin 15.5.0
18 error argv "/usr/local/Cellar/node/6.0.0/bin/node" "/usr/local/bin/npm" "start"
19 error node v6.0.0
20 error npm  v3.8.6
21 error code ELIFECYCLE
22 error SHARIBA@0.0.0 start: `node ./bin/www`
22 error Exit status 1
23 error Failed at the SHARIBA@0.0.0 start script 'node ./bin/www'.
23 error Make sure you have the latest version of node.js and npm installed.
23 error If you do, this is most likely a problem with the SHARIBA package,
23 error not with npm itself.
23 error Tell the author that this fails on your system:
23 error     node ./bin/www
23 error You can get information on how to open an issue for this project with:
23 error     npm bugs SHARIBA
23 error Or if that isn't available, you can get their info via:
23 error     npm owner ls SHARIBA
23 error There is likely additional logging output above.
24 verbose exit [ 1, true ]
